-15 -0.0593632 0.0857269 -0.692469
-14 -0.0387806 0.0819688 -0.473114
-13 -0.0178728 0.0783867 -0.228009
-12 -0.000916228 0.0753866 -0.0121537
-11 -0.231326 0.109878 -2.1053
-10 -0.445796 0.122557 -3.63745
-9 -0.43886 0.115617 -3.79581
-8 -0.336929 0.101829 -3.30877
-7 -0.23409 0.089056 -2.62858
-6 -0.130468 0.0773132 -1.68752
-5 -0.0261885 0.0666162 -0.393125
-4 0.0786209 0.0569786 1.37983
-3 0.183832 0.0484128 3.79719
-2 0.289316 0.0409301 7.06854
-1 0.394944 0.0345405 11.4343
0 0.500588 0.0292523 17.1128
1 0.606117 0.025073 24.1741
2 0.711403 0.0220083 32.3243
3 0.816316 0.0200629 40.6879
4 0.92073 0.0192399 47.8553
5 1.02451 0.019541 52.4289
6 1.12753 0.0209668 53.7771
7 1.17533 0.0231765 50.7122
8 1.12375 0.0247897 45.3312
9 0.996325 0.0270895 36.779
10 0.834474 0.031794 26.2462
11 0.696749 0.034562 20.1594
12 0.662181 0.0389401 17.0051
13 0.6828 0.044772 15.2506
14 0.702179 0.0505823 13.8819
15 0.72298 0.0572616 12.6259
16 0.750035 0.0665383 11.2722
17 0.771545 0.074388 10.3719
18 0.787269 0.0806086 9.76656
19 0.802351 0.0869882 9.22367
20 0.816769 0.0935199 8.73364
21 0.830505 0.100198 8.28864
22 0.84354 0.107016 7.88236
23 0.855858 0.113968 7.50963
24 0.86744 0.121046 7.16618
25 0.878271 0.128245 6.8484
26 0.888336 0.135557 6.55325
27 0.897621 0.142974 6.2782
28 0.906111 0.15049 6.02106
29 0.913795 0.158098 5.77992
30 0.920661 0.16579 5.55317
31 0.926697 0.173558 5.33941
32 0.931893 0.181395 5.13738
33 0.936242 0.189292 4.94602
34 0.939735 0.197243 4.76436
35 0.942364 0.205239 4.59155
36 0.944124 0.213271 4.42687
37 0.94501 0.221333 4.26962
38 0.945017 0.229416 4.11923
39 0.944142 0.237512 3.97514
40 0.942383 0.245613 3.83687
41 0.939739 0.25371 3.70399
42 0.936209 0.261795 3.57611
43 0.931795 0.269861 3.45287
44 0.926498 0.277899 3.33394
45 0.920321 0.285901 3.21902
46 0.913269 0.293859 3.10785
47 0.905344 0.301764 3.00017
48 0.896554 0.30961 2.89576
49 0.886905 0.317387 2.7944
50 0.876405 0.325088 2.6959
51 0.865063 0.332705 2.60009
52 0.852888 0.340231 2.50679
53 0.83989 0.347657 2.41586
54 0.826082 0.354977 2.32714
55 0.811476 0.362182 2.24052
56 0.796084 0.369266 2.15585
57 0.779923 0.376222 2.07304
58 0.763006 0.383041 1.99197
59 0.745349 0.389718 1.91253
60 0.726969 0.396246 1.83464
61 0.707885 0.402618 1.7582
62 0.688114 0.408828 1.68314
63 0.667676 0.414869 1.60936
64 0.64659 0.420736 1.53681
65 0.624878 0.426422 1.4654
66 0.602561 0.431923 1.39506
67 0.579661 0.437232 1.32575
68 0.5562 0.442344 1.25739
69 0.532203 0.447255 1.18993
70 0.507693 0.451959 1.12332
71 0.482694 0.456452 1.05749
72 0.457233 0.460729 0.992413
73 0.431335 0.464787 0.928028
74 0.405026 0.468621 0.864292
75 0.378333 0.472229 0.801164
76 0.351281 0.475606 0.738597
77 0.3239 0.478749 0.676555
78 0.296217 0.481657 0.614997
79 0.268261 0.484325 0.553887
80 0.24006 0.486752 0.493186
81 0.211642 0.488935 0.432862
82 0.183036 0.490874 0.372878
83 0.154272 0.492566 0.313201
84 0.12538 0.49401 0.2538
85 0.0963879 0.495205 0.194643
86 0.0673265 0.49615 0.135698
87 0.0382253 0.496845 0.076936
88 0.00911409 0.497291 0.0183275
89 -0.019978 0.497486 -0.040158
90 0.0915586 0.510164 0.179469
# cl_max 1.17533 at 7 deg
# cd_min 0.0192399 at 4 deg
# ld_max 53.7771 at 6 deg
