This aircraft uses yasim version '2017.2'
-15 -0.175872 0.0815041 -2.15783
-14 -0.145266 0.0758664 -1.91476
-13 -0.114189 0.0705186 -1.61928
-12 -0.0869599 0.0656856 -1.32388
-11 -0.263431 0.070518 -3.73566
-10 -0.475199 0.074757 -6.35659
-9 -0.464589 0.0688295 -6.74985
-8 -0.358937 0.0601927 -5.96314
-7 -0.25264 0.0526671 -4.79693
-6 -0.145832 0.0462504 -3.15309
-5 -0.0386464 0.0409388 -0.944005
-4 0.0687813 0.0367268 1.87278
-3 0.176319 0.0336074 5.24644
-2 0.283833 0.0315723 8.98994
-1 0.391191 0.0306117 12.7791
0 0.498264 0.0307145 16.2224
1 0.604921 0.0318684 18.9818
2 0.711033 0.03406 20.8759
3 0.816476 0.0372747 21.9043
4 0.921122 0.041497 22.1973
5 1.02485 0.0467104 21.9405
6 1.12753 0.0528974 21.3153
7 1.17571 0.0574266 20.4732
8 1.1263 0.0571376 19.7121
9 1.00268 0.0561073 17.8708
10 0.846333 0.054309 15.5837
11 0.714222 0.0516941 13.8163
12 0.682079 0.054476 12.5207
13 0.703548 0.0607552 11.5801
14 0.723491 0.0667882 10.8326
15 0.744464 0.0736489 10.1083
16 0.771271 0.0834785 9.23915
17 0.795515 0.0927124 8.58046
18 0.812538 0.0991897 8.19176
19 0.828856 0.105757 7.83733
20 0.84445 0.112409 7.51232
21 0.859303 0.119138 7.21269
22 0.873398 0.125938 6.93514
23 0.88672 0.132804 6.67692
24 0.899253 0.139729 6.43568
25 0.910984 0.146709 6.20947
26 0.921899 0.153737 5.99659
27 0.931984 0.160808 5.79562
28 0.94123 0.167917 5.60532
29 0.949624 0.175059 5.42458
30 0.957157 0.182229 5.25249
31 0.963818 0.189422 5.08821
32 0.969601 0.196633 4.93102
33 0.974496 0.203858 4.78027
34 0.978498 0.211092 4.63542
35 0.9816 0.218331 4.49593
36 0.983797 0.225571 4.36137
37 0.985084 0.232807 4.23133
38 0.985458 0.240036 4.10546
39 0.984917 0.247253 3.98344
40 0.983458 0.254455 3.86495
41 0.98108 0.261638 3.74976
42 0.977782 0.268797 3.63762
43 0.973566 0.27593 3.52831
44 0.968433 0.283032 3.42164
45 0.962384 0.290099 3.31743
46 0.955422 0.297128 3.21552
47 0.947553 0.304115 3.11577
48 0.938779 0.311056 3.01803
49 0.929106 0.317948 2.9222
50 0.918541 0.324786 2.82815
51 0.907091 0.331566 2.73578
52 0.894762 0.338284 2.645
53 0.881565 0.344937 2.55573
54 0.867508 0.35152 2.46788
55 0.852601 0.358028 2.38138
56 0.836856 0.364457 2.29617
57 0.820285 0.370804 2.21218
58 0.8029 0.377063 2.12935
59 0.784715 0.383229 2.04764
60 0.765744 0.389298 1.96699
61 0.746002 0.395264 1.88735
62 0.725505 0.401124 1.80868
63 0.704271 0.406871 1.73095
64 0.682315 0.4125 1.6541
65 0.659658 0.418005 1.57811
66 0.636317 0.423382 1.50294
67 0.612314 0.428625 1.42855
68 0.587668 0.433727 1.35493
69 0.562402 0.438684 1.28202
70 0.536536 0.443489 1.20981
71 0.510095 0.448137 1.13826
72 0.483102 0.45262 1.06735
73 0.455582 0.456934 0.997041
74 0.427559 0.461072 0.927315
75 0.39906 0.465029 0.858141
76 0.370111 0.468797 0.789491
77 0.34074 0.472372 0.721337
78 0.310973 0.475747 0.653653
79 0.280841 0.478916 0.586409
80 0.250372 0.481874 0.51958
81 0.219595 0.484613 0.453134
82 0.188541 0.48713 0.387044
83 0.15724 0.489418 0.321279
84 0.125724 0.491473 0.255811
85 0.0940263 0.493288 0.190612
86 0.0621757 0.494859 0.125643
87 0.0302078 0.49618 0.0608807
88 -0.00184742 0.497248 -0.00371529
89 -0.0339541 0.498059 -0.0681729
90 0.0683435 0.498608 0.137069
# cl_max 1.17571 at 7 deg
# cd_min 0.0306117 at -1 deg
# ld_max 22.1973 at 4 deg
